Run state: FAILED
Timestamp: 2025-06-06T22:06:04.099155
Command: PYTHONPATH=. app/cli/run_experiments.py run --interactive
Failed models: gpt-4o(1), gpt-4o(1), claude-3-7-sonnet-20250219(1), claude-3-7-sonnet-20250219(1), gemini-pro(1), gemini-pro(1)

--- Tracebacks ---

Model: gpt-4o(1)
Error: 'data/prompts/system/sys_unhelpful_assistant.yaml' is not in the subpath of '/Users/redhat/Documents/GitHub/RED_CORE' OR one path is relative and the other is absolute.
Traceback:
Traceback (most recent call last):
  File "/Users/redhat/Documents/GitHub/RED_CORE/app/cli/run_experiments.py", line 621, in run_one_experiment
    result = run_exploit_yaml(
             ^^^^^^^^^^^^^^^^^
  File "/Users/redhat/Documents/GitHub/RED_CORE/app/cli/run_experiments.py", line 365, in run_exploit_yaml
    system_prompt_file=str(sys_prompt_path.relative_to(Path.cwd())),  # NEW: Relative file path
                           ^^^^^^^^^^^^^^^^^^^^^^^^^^^^^^^^^^^^^^^
  File "/Library/Frameworks/Python.framework/Versions/3.11/lib/python3.11/pathlib.py", line 730, in relative_to
    raise ValueError("{!r} is not in the subpath of {!r}"
ValueError: 'data/prompts/system/sys_unhelpful_assistant.yaml' is not in the subpath of '/Users/redhat/Documents/GitHub/RED_CORE' OR one path is relative and the other is absolute.

----------------------------------------

Model: gpt-4o(1)
Error: 'data/prompts/system/sys_helpful_assistant.yaml' is not in the subpath of '/Users/redhat/Documents/GitHub/RED_CORE' OR one path is relative and the other is absolute.
Traceback:
Traceback (most recent call last):
  File "/Users/redhat/Documents/GitHub/RED_CORE/app/cli/run_experiments.py", line 621, in run_one_experiment
    result = run_exploit_yaml(
             ^^^^^^^^^^^^^^^^^
  File "/Users/redhat/Documents/GitHub/RED_CORE/app/cli/run_experiments.py", line 365, in run_exploit_yaml
    system_prompt_file=str(sys_prompt_path.relative_to(Path.cwd())),  # NEW: Relative file path
                           ^^^^^^^^^^^^^^^^^^^^^^^^^^^^^^^^^^^^^^^
  File "/Library/Frameworks/Python.framework/Versions/3.11/lib/python3.11/pathlib.py", line 730, in relative_to
    raise ValueError("{!r} is not in the subpath of {!r}"
ValueError: 'data/prompts/system/sys_helpful_assistant.yaml' is not in the subpath of '/Users/redhat/Documents/GitHub/RED_CORE' OR one path is relative and the other is absolute.

----------------------------------------

Model: claude-3-7-sonnet-20250219(1)
Error: 'data/prompts/system/sys_helpful_assistant.yaml' is not in the subpath of '/Users/redhat/Documents/GitHub/RED_CORE' OR one path is relative and the other is absolute.
Traceback:
Traceback (most recent call last):
  File "/Users/redhat/Documents/GitHub/RED_CORE/app/cli/run_experiments.py", line 621, in run_one_experiment
    result = run_exploit_yaml(
             ^^^^^^^^^^^^^^^^^
  File "/Users/redhat/Documents/GitHub/RED_CORE/app/cli/run_experiments.py", line 365, in run_exploit_yaml
    system_prompt_file=str(sys_prompt_path.relative_to(Path.cwd())),  # NEW: Relative file path
                           ^^^^^^^^^^^^^^^^^^^^^^^^^^^^^^^^^^^^^^^
  File "/Library/Frameworks/Python.framework/Versions/3.11/lib/python3.11/pathlib.py", line 730, in relative_to
    raise ValueError("{!r} is not in the subpath of {!r}"
ValueError: 'data/prompts/system/sys_helpful_assistant.yaml' is not in the subpath of '/Users/redhat/Documents/GitHub/RED_CORE' OR one path is relative and the other is absolute.

----------------------------------------

Model: claude-3-7-sonnet-20250219(1)
Error: 'data/prompts/system/sys_unhelpful_assistant.yaml' is not in the subpath of '/Users/redhat/Documents/GitHub/RED_CORE' OR one path is relative and the other is absolute.
Traceback:
Traceback (most recent call last):
  File "/Users/redhat/Documents/GitHub/RED_CORE/app/cli/run_experiments.py", line 621, in run_one_experiment
    result = run_exploit_yaml(
             ^^^^^^^^^^^^^^^^^
  File "/Users/redhat/Documents/GitHub/RED_CORE/app/cli/run_experiments.py", line 365, in run_exploit_yaml
    system_prompt_file=str(sys_prompt_path.relative_to(Path.cwd())),  # NEW: Relative file path
                           ^^^^^^^^^^^^^^^^^^^^^^^^^^^^^^^^^^^^^^^
  File "/Library/Frameworks/Python.framework/Versions/3.11/lib/python3.11/pathlib.py", line 730, in relative_to
    raise ValueError("{!r} is not in the subpath of {!r}"
ValueError: 'data/prompts/system/sys_unhelpful_assistant.yaml' is not in the subpath of '/Users/redhat/Documents/GitHub/RED_CORE' OR one path is relative and the other is absolute.

----------------------------------------

Model: gemini-pro(1)
Error: 'data/prompts/system/sys_helpful_assistant.yaml' is not in the subpath of '/Users/redhat/Documents/GitHub/RED_CORE' OR one path is relative and the other is absolute.
Traceback:
Traceback (most recent call last):
  File "/Users/redhat/Documents/GitHub/RED_CORE/app/cli/run_experiments.py", line 621, in run_one_experiment
    result = run_exploit_yaml(
             ^^^^^^^^^^^^^^^^^
  File "/Users/redhat/Documents/GitHub/RED_CORE/app/cli/run_experiments.py", line 365, in run_exploit_yaml
    system_prompt_file=str(sys_prompt_path.relative_to(Path.cwd())),  # NEW: Relative file path
                           ^^^^^^^^^^^^^^^^^^^^^^^^^^^^^^^^^^^^^^^
  File "/Library/Frameworks/Python.framework/Versions/3.11/lib/python3.11/pathlib.py", line 730, in relative_to
    raise ValueError("{!r} is not in the subpath of {!r}"
ValueError: 'data/prompts/system/sys_helpful_assistant.yaml' is not in the subpath of '/Users/redhat/Documents/GitHub/RED_CORE' OR one path is relative and the other is absolute.

----------------------------------------

Model: gemini-pro(1)
Error: 'data/prompts/system/sys_unhelpful_assistant.yaml' is not in the subpath of '/Users/redhat/Documents/GitHub/RED_CORE' OR one path is relative and the other is absolute.
Traceback:
Traceback (most recent call last):
  File "/Users/redhat/Documents/GitHub/RED_CORE/app/cli/run_experiments.py", line 621, in run_one_experiment
    result = run_exploit_yaml(
             ^^^^^^^^^^^^^^^^^
  File "/Users/redhat/Documents/GitHub/RED_CORE/app/cli/run_experiments.py", line 365, in run_exploit_yaml
    system_prompt_file=str(sys_prompt_path.relative_to(Path.cwd())),  # NEW: Relative file path
                           ^^^^^^^^^^^^^^^^^^^^^^^^^^^^^^^^^^^^^^^
  File "/Library/Frameworks/Python.framework/Versions/3.11/lib/python3.11/pathlib.py", line 730, in relative_to
    raise ValueError("{!r} is not in the subpath of {!r}"
ValueError: 'data/prompts/system/sys_unhelpful_assistant.yaml' is not in the subpath of '/Users/redhat/Documents/GitHub/RED_CORE' OR one path is relative and the other is absolute.

----------------------------------------
