Run state: FAILED
Timestamp: 2025-06-06T22:04:25.770574
Command: PYTHONPATH=. app/cli/run_experiments.py run --models claude-3-7-sonnet-20250219 --sys-prompt data/prompts/system/sys_helpful_assistant.yaml --usr-prompt data/prompts/user/80k_hours_demo/usr_80k_hours_demo_01.yaml --temperature 0.7 --repetitions 1 --experiment-code 80K --disable-containment
Failed models: claude-3-7-sonnet-20250219(1)

--- Tracebacks ---

Model: claude-3-7-sonnet-20250219(1)
Error: 'data/prompts/system/sys_helpful_assistant.yaml' is not in the subpath of '/Users/redhat/Documents/GitHub/RED_CORE' OR one path is relative and the other is absolute.
Traceback:
Traceback (most recent call last):
  File "/Users/redhat/Documents/GitHub/RED_CORE/app/cli/run_experiments.py", line 621, in run_one_experiment
    result = run_exploit_yaml(
             ^^^^^^^^^^^^^^^^^
  File "/Users/redhat/Documents/GitHub/RED_CORE/app/cli/run_experiments.py", line 365, in run_exploit_yaml
    system_prompt_file=str(sys_prompt_path.relative_to(Path.cwd())),  # NEW: Relative file path
                           ^^^^^^^^^^^^^^^^^^^^^^^^^^^^^^^^^^^^^^^
  File "/Library/Frameworks/Python.framework/Versions/3.11/lib/python3.11/pathlib.py", line 730, in relative_to
    raise ValueError("{!r} is not in the subpath of {!r}"
ValueError: 'data/prompts/system/sys_helpful_assistant.yaml' is not in the subpath of '/Users/redhat/Documents/GitHub/RED_CORE' OR one path is relative and the other is absolute.

----------------------------------------
